  main.cpp
C:\Program Files\Microsoft Visual Studio\2022\Community\VC\Tools\MSVC\14.41.34120\include\xmemory(698,14): error C2672: 'std::construct_at': no matching overloaded function found
  (compiling source file 'main.cpp')
      C:\Program Files\Microsoft Visual Studio\2022\Community\VC\Tools\MSVC\14.41.34120\include\xutility(388,16):
      could be '_Ty *std::construct_at(_Ty *const ,_Types ...) noexcept(<expr>)'
          C:\Program Files\Microsoft Visual Studio\2022\Community\VC\Tools\MSVC\14.41.34120\include\xmemory(698,14):
          the associated constraints are not satisfied
              C:\Program Files\Microsoft Visual Studio\2022\Community\VC\Tools\MSVC\14.41.34120\include\xutility(386,50):
              'std::future<T>::future(const std::future<T> &)': attempting to reference a deleted function
          with
          [
              T=unsigned __int64
          ]
                  C:\Program Files\Microsoft Visual Studio\2022\Community\VC\Tools\MSVC\14.41.34120\include\future(858,5):
                  'std::future<T>::future(const std::future<T> &)': function was explicitly deleted
          with
          [
              T=unsigned __int64
          ]
              C:\Program Files\Microsoft Visual Studio\2022\Community\VC\Tools\MSVC\14.41.34120\include\future(858,5):
              see declaration of 'std::future<T>::future'
          with
          [
              T=unsigned __int64
          ]
              C:\Program Files\Microsoft Visual Studio\2022\Community\VC\Tools\MSVC\14.41.34120\include\xutility(386,50):
              'std::future<T>::future(const std::future<T> &)': attempting to reference a deleted function
          with
          [
              T=unsigned __int64
          ]
                  C:\Program Files\Microsoft Visual Studio\2022\Community\VC\Tools\MSVC\14.41.34120\include\future(858,5):
                  'std::future<T>::future(const std::future<T> &)': function was explicitly deleted
          with
          [
              T=unsigned __int64
          ]
              C:\Program Files\Microsoft Visual Studio\2022\Community\VC\Tools\MSVC\14.41.34120\include\future(858,5):
              see declaration of 'std::future<T>::future'
          with
          [
              T=unsigned __int64
          ]
      C:\Program Files\Microsoft Visual Studio\2022\Community\VC\Tools\MSVC\14.41.34120\include\xmemory(698,14):
      the template instantiation context (the oldest one first) is
          C:\Users\user\Desktop\sp\thread_pool\main.cpp(46,40):
          see reference to class template instantiation 'std::vector<std::future<T>,std::allocator<std::future<T>>>' being compiled
          with
          [
              T=unsigned __int64
          ]
          C:\Program Files\Microsoft Visual Studio\2022\Community\VC\Tools\MSVC\14.41.34120\include\vector(866,23):
          while compiling class template member function 'void std::vector<std::future<T>,std::allocator<std::future<T>>>::push_back(const _Ty &)'
          with
          [
              T=unsigned __int64,
              _Ty=std::future<unsigned __int64>
          ]
              C:\Users\user\Desktop\sp\thread_pool\main.cpp(54,29):
              see the first reference to 'std::vector<std::future<T>,std::allocator<std::future<T>>>::push_back' in 'main'
          with
          [
              T=unsigned __int64
          ]
          C:\Program Files\Microsoft Visual Studio\2022\Community\VC\Tools\MSVC\14.41.34120\include\vector(867,9):
          see reference to function template instantiation '_Ty &std::vector<_Ty,std::allocator<_Ty>>::_Emplace_one_at_back<const _Ty&>(const _Ty &)' being compiled
          with
          [
              _Ty=std::future<unsigned __int64>
          ]
          C:\Program Files\Microsoft Visual Studio\2022\Community\VC\Tools\MSVC\14.41.34120\include\vector(776,20):
          see reference to function template instantiation '_Ty &std::vector<_Ty,std::allocator<_Ty>>::_Emplace_back_with_unused_capacity<const _Ty&>(const _Ty &)' being compiled
          with
          [
              _Ty=std::future<unsigned __int64>
          ]
          C:\Program Files\Microsoft Visual Studio\2022\Community\VC\Tools\MSVC\14.41.34120\include\vector(794,27):
          see reference to function template instantiation 'void std::_Default_allocator_traits<_Alloc>::construct<_Ty,const _Ty&>(_Alloc &,_Objty *const ,const _Ty &)' being compiled
          with
          [
              _Alloc=std::allocator<std::future<unsigned __int64>>,
              _Ty=std::future<unsigned __int64>,
              _Objty=std::future<unsigned __int64>
          ]
  
